<songs>
    <song>
        <band>Oasis</band>
        <name>Song20</name>
    </song>
    <song>
        <band>Oasis</band>
        <name>Song19</name>
    </song>
    <song>
        <band>Oasis</band>
        <name>Song18</name>
    </song>
    <song>
        <band>Oasis</band>
        <name>Song17</name>
    </song>
    <song>
        <band>Oasis</band>
        <name>Song16</name>
    </song>
    <song>
        <band>Oasis</band>
        <name>Song15</name>
    </song>
    <song>
        <band>Oasis</band>
        <name>Song14</name>
    </song>
    <song>
        <band>Oasis</band>
        <name>Song13</name>
    </song>
    <song>
        <band>Oasis</band>
        <name>Song12</name>
    </song>
    <song>
        <band>Oasis</band>
        <name>Song11</name>
    </song>
    <song>
        <band>Oasis</band>
        <name>Song10</name>
    </song>
    <song>
        <band>Oasis</band>
        <name>Song9</name>
    </song>
    <song>
        <band>Oasis</band>
        <name>Song8</name>
    </song>
    <song>
        <band>Oasis</band>
        <name>Song7</name>
    </song>
    <song>
        <band>Oasis</band>
        <name>Song6</name>
    </song>
    <song>
        <band>Oasis</band>
        <name>Song5</name>
    </song>
    <song>
        <band>Oasis</band>
        <name>Song4</name>
    </song>
    <song>
        <band>Oasis</band>
        <name>Song3</name>
    </song>
    <song>
        <band>Oasis</band>
        <name>Song2</name>
    </song>
    <song>
        <band>Oasis</band>
        <name>Song1</name>
    </song>
</songs>
